Analysis & Synthesis report for Projet
Wed Apr  8 23:05:48 2026
Quartus Prime Version 25.1std.0 Build 1129 10/21/2025 SC Lite Edition


---------------------
; Table of Contents ;
---------------------
  1. Legal Notice
  2. Analysis & Synthesis Summary
  3. Analysis & Synthesis Settings
  4. Parallel Compilation
  5. Analysis & Synthesis Source Files Read
  6. Analysis & Synthesis Resource Usage Summary
  7. Analysis & Synthesis Resource Utilization by Entity
  8. General Register Statistics
  9. Post-Synthesis Netlist Statistics for Top Partition
 10. Elapsed Time Per Partition
 11. Analysis & Synthesis Messages



----------------
; Legal Notice ;
----------------
Copyright (C) 2025  Altera Corporation. All rights reserved.
Your use of Altera Corporation's design tools, logic functions 
and other software and tools, and any partner logic 
functions, and any output files from any of the foregoing 
(including device programming or simulation files), and any 
associated documentation or information are expressly subject 
to the terms and conditions of the Altera Program License 
Subscription Agreement, the Altera Quartus Prime License Agreement,
the Altera IP License Agreement, or other applicable license
agreement, including, without limitation, that your use is for
the sole purpose of programming logic devices manufactured by
Altera and sold by Altera or its authorized distributors.  Please
refer to the Altera Software License Subscription Agreements 
on the Quartus Prime software download page.



+--------------------------------------------------------------------------------------+
; Analysis & Synthesis Summary                                                         ;
+------------------------------------+-------------------------------------------------+
; Analysis & Synthesis Status        ; Successful - Wed Apr  8 23:05:48 2026           ;
; Quartus Prime Version              ; 25.1std.0 Build 1129 10/21/2025 SC Lite Edition ;
; Revision Name                      ; Projet                                          ;
; Top-level Entity Name              ; uart_test                                       ;
; Family                             ; MAX 10                                          ;
; Total logic elements               ; 52                                              ;
;     Total combinational functions  ; 52                                              ;
;     Dedicated logic registers      ; 26                                              ;
; Total registers                    ; 26                                              ;
; Total pins                         ; 11                                              ;
; Total virtual pins                 ; 0                                               ;
; Total memory bits                  ; 0                                               ;
; Embedded Multiplier 9-bit elements ; 0                                               ;
; Total PLLs                         ; 0                                               ;
; UFM blocks                         ; 0                                               ;
; ADC blocks                         ; 0                                               ;
+------------------------------------+-------------------------------------------------+


+------------------------------------------------------------------------------------------------------------+
; Analysis & Synthesis Settings                                                                              ;
+------------------------------------------------------------------+--------------------+--------------------+
; Option                                                           ; Setting            ; Default Value      ;
+------------------------------------------------------------------+--------------------+--------------------+
; Device                                                           ; 10M50DAF484C7G     ;                    ;
; Top-level entity name                                            ; uart_test          ; Projet             ;
; Family name                                                      ; MAX 10             ; Cyclone V          ;
; VHDL Show LMF Mapping Messages                                   ; Off                ;                    ;
; VHDL Version                                                     ; VHDL_2008          ; VHDL_1993          ;
; Use smart compilation                                            ; Off                ; Off                ;
; Enable parallel Assembler and Timing Analyzer during compilation ; On                 ; On                 ;
; Enable compact report table                                      ; Off                ; Off                ;
; Restructure Multiplexers                                         ; Auto               ; Auto               ;
; Create Debugging Nodes for IP Cores                              ; Off                ; Off                ;
; Preserve fewer node names                                        ; On                 ; On                 ;
; Intel FPGA IP Evaluation Mode                                    ; Enable             ; Enable             ;
; Verilog Version                                                  ; Verilog_2001       ; Verilog_2001       ;
; State Machine Processing                                         ; Auto               ; Auto               ;
; Safe State Machine                                               ; Off                ; Off                ;
; Extract Verilog State Machines                                   ; On                 ; On                 ;
; Extract VHDL State Machines                                      ; On                 ; On                 ;
; Ignore Verilog initial constructs                                ; Off                ; Off                ;
; Iteration limit for constant Verilog loops                       ; 5000               ; 5000               ;
; Iteration limit for non-constant Verilog loops                   ; 250                ; 250                ;
; Add Pass-Through Logic to Inferred RAMs                          ; On                 ; On                 ;
; Infer RAMs from Raw Logic                                        ; On                 ; On                 ;
; Parallel Synthesis                                               ; On                 ; On                 ;
; DSP Block Balancing                                              ; Auto               ; Auto               ;
; NOT Gate Push-Back                                               ; On                 ; On                 ;
; Power-Up Don't Care                                              ; On                 ; On                 ;
; Remove Redundant Logic Cells                                     ; Off                ; Off                ;
; Remove Duplicate Registers                                       ; On                 ; On                 ;
; Ignore CARRY Buffers                                             ; Off                ; Off                ;
; Ignore CASCADE Buffers                                           ; Off                ; Off                ;
; Ignore GLOBAL Buffers                                            ; Off                ; Off                ;
; Ignore ROW GLOBAL Buffers                                        ; Off                ; Off                ;
; Ignore LCELL Buffers                                             ; Off                ; Off                ;
; Ignore SOFT Buffers                                              ; On                 ; On                 ;
; Limit AHDL Integers to 32 Bits                                   ; Off                ; Off                ;
; Optimization Technique                                           ; Balanced           ; Balanced           ;
; Carry Chain Length                                               ; 70                 ; 70                 ;
; Auto Carry Chains                                                ; On                 ; On                 ;
; Auto Open-Drain Pins                                             ; On                 ; On                 ;
; Perform WYSIWYG Primitive Resynthesis                            ; Off                ; Off                ;
; Auto ROM Replacement                                             ; On                 ; On                 ;
; Auto RAM Replacement                                             ; On                 ; On                 ;
; Auto DSP Block Replacement                                       ; On                 ; On                 ;
; Auto Shift Register Replacement                                  ; Auto               ; Auto               ;
; Allow Shift Register Merging across Hierarchies                  ; Auto               ; Auto               ;
; Auto Clock Enable Replacement                                    ; On                 ; On                 ;
; Strict RAM Replacement                                           ; Off                ; Off                ;
; Allow Synchronous Control Signals                                ; On                 ; On                 ;
; Force Use of Synchronous Clear Signals                           ; Off                ; Off                ;
; Auto RAM Block Balancing                                         ; On                 ; On                 ;
; Auto RAM to Logic Cell Conversion                                ; Off                ; Off                ;
; Auto Resource Sharing                                            ; Off                ; Off                ;
; Allow Any RAM Size For Recognition                               ; Off                ; Off                ;
; Allow Any ROM Size For Recognition                               ; Off                ; Off                ;
; Allow Any Shift Register Size For Recognition                    ; Off                ; Off                ;
; Use LogicLock Constraints during Resource Balancing              ; On                 ; On                 ;
; Ignore translate_off and synthesis_off directives                ; Off                ; Off                ;
; Timing-Driven Synthesis                                          ; On                 ; On                 ;
; Report Parameter Settings                                        ; On                 ; On                 ;
; Report Source Assignments                                        ; On                 ; On                 ;
; Report Connectivity Checks                                       ; On                 ; On                 ;
; Ignore Maximum Fan-Out Assignments                               ; Off                ; Off                ;
; Synchronization Register Chain Length                            ; 2                  ; 2                  ;
; Power Optimization During Synthesis                              ; Normal compilation ; Normal compilation ;
; HDL message level                                                ; Level2             ; Level2             ;
; Suppress Register Optimization Related Messages                  ; Off                ; Off                ;
; Number of Removed Registers Reported in Synthesis Report         ; 5000               ; 5000               ;
; Number of Swept Nodes Reported in Synthesis Report               ; 5000               ; 5000               ;
; Number of Inverted Registers Reported in Synthesis Report        ; 100                ; 100                ;
; Clock MUX Protection                                             ; On                 ; On                 ;
; Auto Gated Clock Conversion                                      ; Off                ; Off                ;
; Block Design Naming                                              ; Auto               ; Auto               ;
; SDC constraint protection                                        ; Off                ; Off                ;
; Synthesis Effort                                                 ; Auto               ; Auto               ;
; Shift Register Replacement - Allow Asynchronous Clear Signal     ; On                 ; On                 ;
; Pre-Mapping Resynthesis Optimization                             ; Off                ; Off                ;
; Analysis & Synthesis Message Level                               ; Medium             ; Medium             ;
; Disable Register Merging Across Hierarchies                      ; Auto               ; Auto               ;
; Resource Aware Inference For Block RAM                           ; On                 ; On                 ;
+------------------------------------------------------------------+--------------------+--------------------+


+------------------------------------------+
; Parallel Compilation                     ;
+----------------------------+-------------+
; Processors                 ; Number      ;
+----------------------------+-------------+
; Number detected on machine ; 4           ;
; Maximum allowed            ; 2           ;
;                            ;             ;
; Average used               ; 1.00        ;
; Maximum used               ; 2           ;
;                            ;             ;
; Usage by Processor         ; % Time Used ;
;     Processor 1            ; 100.0%      ;
;     Processor 2            ;   0.0%      ;
+----------------------------+-------------+


+---------------------------------------------------------------------------------------------------------------------------------------------------------------------------------+
; Analysis & Synthesis Source Files Read                                                                                                                                          ;
+----------------------------------+-----------------+-----------------+------------------------------------------------------------------------------------------------+---------+
; File Name with User-Entered Path ; Used in Netlist ; File Type       ; File Name with Absolute Path                                                                   ; Library ;
+----------------------------------+-----------------+-----------------+------------------------------------------------------------------------------------------------+---------+
; UART.vhd                         ; yes             ; User VHDL File  ; C:/Users/user/Desktop/Hiver 2026/Conception de systemes numeriques/Projet/Projet/UART.vhd      ;         ;
; uart_test.vhd                    ; yes             ; User VHDL File  ; C:/Users/user/Desktop/Hiver 2026/Conception de systemes numeriques/Projet/Projet/uart_test.vhd ;         ;
+----------------------------------+-----------------+-----------------+------------------------------------------------------------------------------------------------+---------+


+--------------------------------------------------------------+
; Analysis & Synthesis Resource Usage Summary                  ;
+---------------------------------------------+----------------+
; Resource                                    ; Usage          ;
+---------------------------------------------+----------------+
; Estimated Total logic elements              ; 52             ;
;                                             ;                ;
; Total combinational functions               ; 52             ;
; Logic element usage by number of LUT inputs ;                ;
;     -- 4 input functions                    ; 23             ;
;     -- 3 input functions                    ; 16             ;
;     -- <=2 input functions                  ; 13             ;
;                                             ;                ;
; Logic elements by mode                      ;                ;
;     -- normal mode                          ; 37             ;
;     -- arithmetic mode                      ; 15             ;
;                                             ;                ;
; Total registers                             ; 26             ;
;     -- Dedicated logic registers            ; 26             ;
;     -- I/O registers                        ; 0              ;
;                                             ;                ;
; I/O pins                                    ; 11             ;
;                                             ;                ;
; Embedded Multiplier 9-bit elements          ; 0              ;
;                                             ;                ;
; Maximum fan-out node                        ; CLOCK_50~input ;
; Maximum fan-out                             ; 26             ;
; Total fan-out                               ; 238            ;
; Average fan-out                             ; 2.38           ;
+---------------------------------------------+----------------+


+------------------------------------------------------------------------------------------------------------------------------------------------------------------------------------------------------------------------------------+
; Analysis & Synthesis Resource Utilization by Entity                                                                                                                                                                                ;
+----------------------------+---------------------+---------------------------+-------------+------------+--------------+---------+-----------+------+--------------+------------+---------------------+-------------+--------------+
; Compilation Hierarchy Node ; Combinational ALUTs ; Dedicated Logic Registers ; Memory Bits ; UFM Blocks ; DSP Elements ; DSP 9x9 ; DSP 18x18 ; Pins ; Virtual Pins ; ADC blocks ; Full Hierarchy Name ; Entity Name ; Library Name ;
+----------------------------+---------------------+---------------------------+-------------+------------+--------------+---------+-----------+------+--------------+------------+---------------------+-------------+--------------+
; |uart_test                 ; 52 (0)              ; 26 (0)                    ; 0           ; 0          ; 0            ; 0       ; 0         ; 11   ; 0            ; 0          ; |uart_test          ; uart_test   ; work         ;
;    |UART:U1|               ; 52 (52)             ; 26 (26)                   ; 0           ; 0          ; 0            ; 0       ; 0         ; 0    ; 0            ; 0          ; |uart_test|UART:U1  ; UART        ; work         ;
+----------------------------+---------------------+---------------------------+-------------+------------+--------------+---------+-----------+------+--------------+------------+---------------------+-------------+--------------+
Note: For table entries with two numbers listed, the numbers in parentheses indicate the number of resources of the given type used by the specific entity alone. The numbers listed outside of parentheses indicate the total resources of the given type used by the specific entity and all of its sub-entities in the hierarchy.


+------------------------------------------------------+
; General Register Statistics                          ;
+----------------------------------------------+-------+
; Statistic                                    ; Value ;
+----------------------------------------------+-------+
; Total registers                              ; 26    ;
; Number of registers using Synchronous Clear  ; 0     ;
; Number of registers using Synchronous Load   ; 0     ;
; Number of registers using Asynchronous Clear ; 0     ;
; Number of registers using Asynchronous Load  ; 0     ;
; Number of registers using Clock Enable       ; 0     ;
; Number of registers using Preset             ; 0     ;
+----------------------------------------------+-------+


+-----------------------------------------------------+
; Post-Synthesis Netlist Statistics for Top Partition ;
+-----------------------+-----------------------------+
; Type                  ; Count                       ;
+-----------------------+-----------------------------+
; boundary_port         ; 11                          ;
; cycloneiii_ff         ; 26                          ;
;     plain             ; 26                          ;
; cycloneiii_lcell_comb ; 52                          ;
;     arith             ; 15                          ;
;         2 data inputs ; 10                          ;
;         3 data inputs ; 5                           ;
;     normal            ; 37                          ;
;         2 data inputs ; 3                           ;
;         3 data inputs ; 11                          ;
;         4 data inputs ; 23                          ;
;                       ;                             ;
; Max LUT depth         ; 6.50                        ;
; Average LUT depth     ; 5.09                        ;
+-----------------------+-----------------------------+


+-------------------------------+
; Elapsed Time Per Partition    ;
+----------------+--------------+
; Partition Name ; Elapsed Time ;
+----------------+--------------+
; Top            ; 00:00:01     ;
+----------------+--------------+


+-------------------------------+
; Analysis & Synthesis Messages ;
+-------------------------------+
Info: *******************************************************************
Info: Running Quartus Prime Analysis & Synthesis
    Info: Version 25.1std.0 Build 1129 10/21/2025 SC Lite Edition
    Info: Processing started: Wed Apr  8 23:05:20 2026
Info: Command: quartus_map --read_settings_files=on --write_settings_files=off Projet -c Projet
Warning (18236): Number of processors has not been specified which may cause overloading on shared machines.  Set the global assignment NUM_PARALLEL_PROCESSORS in your QSF to an appropriate value for best performance.
Info (20030): Parallel compilation is enabled and will use 2 of the 2 processors detected
Info (12021): Found 2 design units, including 1 entities, in source file mux10.vhd
    Info (12022): Found design unit 1: Mux10-implmux10 File: C:/Users/user/Desktop/Hiver 2026/Conception de systemes numeriques/Projet/Projet/Mux10.vhd Line: 23
    Info (12023): Found entity 1: Mux10 File: C:/Users/user/Desktop/Hiver 2026/Conception de systemes numeriques/Projet/Projet/Mux10.vhd Line: 14
Info (12021): Found 7 design units, including 3 entities, in source file ff.vhd
    Info (12022): Found design unit 1: ff File: C:/Users/user/Desktop/Hiver 2026/Conception de systemes numeriques/Projet/Projet/ff.vhd Line: 37
    Info (12022): Found design unit 2: vDFF-impl File: C:/Users/user/Desktop/Hiver 2026/Conception de systemes numeriques/Projet/Projet/ff.vhd Line: 104
    Info (12022): Found design unit 3: sDFF-impl File: C:/Users/user/Desktop/Hiver 2026/Conception de systemes numeriques/Projet/Projet/ff.vhd Line: 123
    Info (12022): Found design unit 4: vDFFE-impl File: C:/Users/user/Desktop/Hiver 2026/Conception de systemes numeriques/Projet/Projet/ff.vhd Line: 146
    Info (12023): Found entity 1: vDFF File: C:/Users/user/Desktop/Hiver 2026/Conception de systemes numeriques/Projet/Projet/ff.vhd Line: 97
    Info (12023): Found entity 2: sDFF File: C:/Users/user/Desktop/Hiver 2026/Conception de systemes numeriques/Projet/Projet/ff.vhd Line: 118
    Info (12023): Found entity 3: vDFFE File: C:/Users/user/Desktop/Hiver 2026/Conception de systemes numeriques/Projet/Projet/ff.vhd Line: 138
Info (12021): Found 2 design units, including 1 entities, in source file dec3to8.vhd
    Info (12022): Found design unit 1: dec3to8-Behavior File: C:/Users/user/Desktop/Hiver 2026/Conception de systemes numeriques/Projet/Projet/dec3to8.vhd Line: 13
    Info (12023): Found entity 1: dec3to8 File: C:/Users/user/Desktop/Hiver 2026/Conception de systemes numeriques/Projet/Projet/dec3to8.vhd Line: 6
Info (12021): Found 2 design units, including 1 entities, in source file debounce.vhd
    Info (12022): Found design unit 1: debounce-Behavior File: C:/Users/user/Desktop/Hiver 2026/Conception de systemes numeriques/Projet/Projet/debounce.vhd Line: 12
    Info (12023): Found entity 1: debounce File: C:/Users/user/Desktop/Hiver 2026/Conception de systemes numeriques/Projet/Projet/debounce.vhd Line: 6
Info (12021): Found 2 design units, including 1 entities, in source file alu.vhd
    Info (12022): Found design unit 1: ALU-behav File: C:/Users/user/Desktop/Hiver 2026/Conception de systemes numeriques/Projet/Projet/ALU.vhd Line: 15
    Info (12023): Found entity 1: ALU File: C:/Users/user/Desktop/Hiver 2026/Conception de systemes numeriques/Projet/Projet/ALU.vhd Line: 5
Info (12021): Found 2 design units, including 1 entities, in source file fsm.vhd
    Info (12022): Found design unit 1: fsm-impl File: C:/Users/user/Desktop/Hiver 2026/Conception de systemes numeriques/Projet/Projet/fsm.vhd Line: 32
    Info (12023): Found entity 1: fsm File: C:/Users/user/Desktop/Hiver 2026/Conception de systemes numeriques/Projet/Projet/fsm.vhd Line: 20
Info (12021): Found 2 design units, including 1 entities, in source file datapath.vhd
    Info (12022): Found design unit 1: datapath-path File: C:/Users/user/Desktop/Hiver 2026/Conception de systemes numeriques/Projet/Projet/datapath.vhd Line: 31
    Info (12023): Found entity 1: datapath File: C:/Users/user/Desktop/Hiver 2026/Conception de systemes numeriques/Projet/Projet/datapath.vhd Line: 15
Info (12021): Found 2 design units, including 1 entities, in source file cpu.vhd
    Info (12022): Found design unit 1: cpu-implcpu File: C:/Users/user/Desktop/Hiver 2026/Conception de systemes numeriques/Projet/Projet/cpu.vhd Line: 23
    Info (12023): Found entity 1: cpu File: C:/Users/user/Desktop/Hiver 2026/Conception de systemes numeriques/Projet/Projet/cpu.vhd Line: 6
Info (12021): Found 2 design units, including 1 entities, in source file uart.vhd
    Info (12022): Found design unit 1: UART-Behavioral File: C:/Users/user/Desktop/Hiver 2026/Conception de systemes numeriques/Projet/Projet/UART.vhd Line: 14
    Info (12023): Found entity 1: UART File: C:/Users/user/Desktop/Hiver 2026/Conception de systemes numeriques/Projet/Projet/UART.vhd Line: 6
Info (12021): Found 2 design units, including 1 entities, in source file controller.vhd
    Info (12022): Found design unit 1: controller-Behavioral File: C:/Users/user/Desktop/Hiver 2026/Conception de systemes numeriques/Projet/Projet/controller.vhd Line: 34
    Info (12023): Found entity 1: controller File: C:/Users/user/Desktop/Hiver 2026/Conception de systemes numeriques/Projet/Projet/controller.vhd Line: 5
Info (12021): Found 2 design units, including 1 entities, in source file calculator_vga_top.vhd
    Info (12022): Found design unit 1: calculator_vga_top-rtl File: C:/Users/user/Desktop/Hiver 2026/Conception de systemes numeriques/Projet/Projet/calculator_vga_top.vhd Line: 19
    Info (12023): Found entity 1: calculator_vga_top File: C:/Users/user/Desktop/Hiver 2026/Conception de systemes numeriques/Projet/Projet/calculator_vga_top.vhd Line: 5
Info (12021): Found 2 design units, including 1 entities, in source file vga_calc_display.vhd
    Info (12022): Found design unit 1: vga_calc_display-rtl File: C:/Users/user/Desktop/Hiver 2026/Conception de systemes numeriques/Projet/Projet/vga_calc_display.vhd Line: 25
    Info (12023): Found entity 1: vga_calc_display File: C:/Users/user/Desktop/Hiver 2026/Conception de systemes numeriques/Projet/Projet/vga_calc_display.vhd Line: 8
Info (12021): Found 2 design units, including 1 entities, in source file /users/user/desktop/hiver 2026/conception de systemes numeriques/projet/exemple_vga3/vga_font/vgapll.vhd
    Info (12022): Found design unit 1: vgapll-SYN File: C:/Users/user/Desktop/Hiver 2026/Conception de systemes numeriques/Projet/exemple_VGA3/vga_font/VGAPLL.vhd Line: 53
    Info (12023): Found entity 1: VGAPLL File: C:/Users/user/Desktop/Hiver 2026/Conception de systemes numeriques/Projet/exemple_VGA3/vga_font/VGAPLL.vhd Line: 43
Info (12021): Found 2 design units, including 1 entities, in source file /users/user/desktop/hiver 2026/conception de systemes numeriques/projet/exemple_vga3/vga_font/vram.vhd
    Info (12022): Found design unit 1: vram-SYN File: C:/Users/user/Desktop/Hiver 2026/Conception de systemes numeriques/Projet/exemple_VGA3/vga_font/vram.vhd Line: 60
    Info (12023): Found entity 1: vram File: C:/Users/user/Desktop/Hiver 2026/Conception de systemes numeriques/Projet/exemple_VGA3/vga_font/vram.vhd Line: 43
Info (12021): Found 2 design units, including 1 entities, in source file /users/user/desktop/hiver 2026/conception de systemes numeriques/projet/exemple_vga3/vga_font/vrom.vhd
    Info (12022): Found design unit 1: vrom-SYN File: C:/Users/user/Desktop/Hiver 2026/Conception de systemes numeriques/Projet/exemple_VGA3/vga_font/vrom.vhd Line: 53
    Info (12023): Found entity 1: vrom File: C:/Users/user/Desktop/Hiver 2026/Conception de systemes numeriques/Projet/exemple_VGA3/vga_font/vrom.vhd Line: 43
Info (12021): Found 2 design units, including 1 entities, in source file /users/user/desktop/hiver 2026/conception de systemes numeriques/projet/exemple_vga3/vga_font/vga_font.vhd
    Info (12022): Found design unit 1: vga_font-DE1 File: C:/Users/user/Desktop/Hiver 2026/Conception de systemes numeriques/Projet/exemple_VGA3/vga_font/vga_font.vhd Line: 18
    Info (12023): Found entity 1: vga_font File: C:/Users/user/Desktop/Hiver 2026/Conception de systemes numeriques/Projet/exemple_VGA3/vga_font/vga_font.vhd Line: 5
Info (12021): Found 2 design units, including 1 entities, in source file uart_test.vhd
    Info (12022): Found design unit 1: uart_test-Behavioral File: C:/Users/user/Desktop/Hiver 2026/Conception de systemes numeriques/Projet/Projet/uart_test.vhd Line: 13
    Info (12023): Found entity 1: uart_test File: C:/Users/user/Desktop/Hiver 2026/Conception de systemes numeriques/Projet/Projet/uart_test.vhd Line: 4
Info (12127): Elaborating entity "uart_test" for the top level hierarchy
Info (12128): Elaborating entity "UART" for hierarchy "UART:U1" File: C:/Users/user/Desktop/Hiver 2026/Conception de systemes numeriques/Projet/Projet/uart_test.vhd Line: 18
Info (286030): Timing-Driven Synthesis is running
Info (16010): Generating hard_block partition "hard_block:auto_generated_inst"
    Info (16011): Adding 0 node(s), including 0 DDIO, 0 PLL, 0 transceiver and 0 LCELL
Info (21057): Implemented 65 device resources after synthesis - the final resource count might be different
    Info (21058): Implemented 2 input pins
    Info (21059): Implemented 9 output pins
    Info (21061): Implemented 54 logic cells
Info: Quartus Prime Analysis & Synthesis was successful. 0 errors, 1 warning
    Info: Peak virtual memory: 4812 megabytes
    Info: Processing ended: Wed Apr  8 23:05:48 2026
    Info: Elapsed time: 00:00:28
    Info: Total CPU time (on all processors): 00:00:56


