Analysis & Synthesis report for Projet
Tue Mar 31 09:57:21 2026
Quartus Prime Version 25.1std.0 Build 1129 10/21/2025 SC Lite Edition


---------------------
; Table of Contents ;
---------------------
  1. Legal Notice
  2. Analysis & Synthesis Summary
  3. Analysis & Synthesis Settings
  4. Parallel Compilation
  5. Analysis & Synthesis Source Files Read
  6. Analysis & Synthesis Resource Usage Summary
  7. Analysis & Synthesis Resource Utilization by Entity
  8. Analysis & Synthesis DSP Block Usage Summary
  9. General Register Statistics
 10. Multiplexer Restructuring Statistics (Restructuring Performed)
 11. Parameter Settings for User Entity Instance: fsm:FSM|vDFF:dFF
 12. Parameter Settings for User Entity Instance: datapath:DATAPATH|vDFFE:R0
 13. Parameter Settings for User Entity Instance: datapath:DATAPATH|vDFFE:R1
 14. Parameter Settings for User Entity Instance: datapath:DATAPATH|vDFFE:R2
 15. Parameter Settings for User Entity Instance: datapath:DATAPATH|vDFFE:R3
 16. Parameter Settings for User Entity Instance: datapath:DATAPATH|vDFFE:R4
 17. Parameter Settings for User Entity Instance: datapath:DATAPATH|vDFFE:R5
 18. Parameter Settings for User Entity Instance: datapath:DATAPATH|vDFFE:R6
 19. Parameter Settings for User Entity Instance: datapath:DATAPATH|vDFFE:R7
 20. Parameter Settings for User Entity Instance: datapath:DATAPATH|vDFFE:A
 21. Parameter Settings for User Entity Instance: datapath:DATAPATH|vDFFE:G
 22. Parameter Settings for User Entity Instance: datapath:DATAPATH|vDFFE:IR
 23. Parameter Settings for User Entity Instance: datapath:DATAPATH|Mux10:mux10
 24. Parameter Settings for Inferred Entity Instance: datapath:DATAPATH|ALU:blocALU|lpm_mult:Mult0
 25. Parameter Settings for Inferred Entity Instance: datapath:DATAPATH|ALU:blocALU|lpm_divide:Div1
 26. Parameter Settings for Inferred Entity Instance: datapath:DATAPATH|ALU:blocALU|lpm_mult:Mult1
 27. Parameter Settings for Inferred Entity Instance: datapath:DATAPATH|ALU:blocALU|lpm_mult:Mult2
 28. lpm_mult Parameter Settings by Entity Instance
 29. Port Connectivity Checks: "datapath:DATAPATH"
 30. Post-Synthesis Netlist Statistics for Top Partition
 31. Elapsed Time Per Partition
 32. Analysis & Synthesis Messages



----------------
; Legal Notice ;
----------------
Copyright (C) 2025  Altera Corporation. All rights reserved.
Your use of Altera Corporation's design tools, logic functions 
and other software and tools, and any partner logic 
functions, and any output files from any of the foregoing 
(including device programming or simulation files), and any 
associated documentation or information are expressly subject 
to the terms and conditions of the Altera Program License 
Subscription Agreement, the Altera Quartus Prime License Agreement,
the Altera IP License Agreement, or other applicable license
agreement, including, without limitation, that your use is for
the sole purpose of programming logic devices manufactured by
Altera and sold by Altera or its authorized distributors.  Please
refer to the Altera Software License Subscription Agreements 
on the Quartus Prime software download page.



+--------------------------------------------------------------------------------------+
; Analysis & Synthesis Summary                                                         ;
+------------------------------------+-------------------------------------------------+
; Analysis & Synthesis Status        ; Successful - Tue Mar 31 09:57:21 2026           ;
; Quartus Prime Version              ; 25.1std.0 Build 1129 10/21/2025 SC Lite Edition ;
; Revision Name                      ; Projet                                          ;
; Top-level Entity Name              ; cpu                                             ;
; Family                             ; MAX 10                                          ;
; Total logic elements               ; 393                                             ;
;     Total combinational functions  ; 312                                             ;
;     Dedicated logic registers      ; 101                                             ;
; Total registers                    ; 101                                             ;
; Total pins                         ; 23                                              ;
; Total virtual pins                 ; 0                                               ;
; Total memory bits                  ; 0                                               ;
; Embedded Multiplier 9-bit elements ; 3                                               ;
; Total PLLs                         ; 0                                               ;
; UFM blocks                         ; 0                                               ;
; ADC blocks                         ; 0                                               ;
+------------------------------------+-------------------------------------------------+


+------------------------------------------------------------------------------------------------------------+
; Analysis & Synthesis Settings                                                                              ;
+------------------------------------------------------------------+--------------------+--------------------+
; Option                                                           ; Setting            ; Default Value      ;
+------------------------------------------------------------------+--------------------+--------------------+
; Device                                                           ; 10M50DAF484C7G     ;                    ;
; Top-level entity name                                            ; cpu                ; Projet             ;
; Family name                                                      ; MAX 10             ; Cyclone V          ;
; VHDL Show LMF Mapping Messages                                   ; Off                ;                    ;
; VHDL Version                                                     ; VHDL_2008          ; VHDL_1993          ;
; Use smart compilation                                            ; Off                ; Off                ;
; Enable parallel Assembler and Timing Analyzer during compilation ; On                 ; On                 ;
; Enable compact report table                                      ; Off                ; Off                ;
; Restructure Multiplexers                                         ; Auto               ; Auto               ;
; Create Debugging Nodes for IP Cores                              ; Off                ; Off                ;
; Preserve fewer node names                                        ; On                 ; On                 ;
; Intel FPGA IP Evaluation Mode                                    ; Enable             ; Enable             ;
; Verilog Version                                                  ; Verilog_2001       ; Verilog_2001       ;
; State Machine Processing                                         ; Auto               ; Auto               ;
; Safe State Machine                                               ; Off                ; Off                ;
; Extract Verilog State Machines                                   ; On                 ; On                 ;
; Extract VHDL State Machines                                      ; On                 ; On                 ;
; Ignore Verilog initial constructs                                ; Off                ; Off                ;
; Iteration limit for constant Verilog loops                       ; 5000               ; 5000               ;
; Iteration limit for non-constant Verilog loops                   ; 250                ; 250                ;
; Add Pass-Through Logic to Inferred RAMs                          ; On                 ; On                 ;
; Infer RAMs from Raw Logic                                        ; On                 ; On                 ;
; Parallel Synthesis                                               ; On                 ; On                 ;
; DSP Block Balancing                                              ; Auto               ; Auto               ;
; NOT Gate Push-Back                                               ; On                 ; On                 ;
; Power-Up Don't Care                                              ; On                 ; On                 ;
; Remove Redundant Logic Cells                                     ; Off                ; Off                ;
; Remove Duplicate Registers                                       ; On                 ; On                 ;
; Ignore CARRY Buffers                                             ; Off                ; Off                ;
; Ignore CASCADE Buffers                                           ; Off                ; Off                ;
; Ignore GLOBAL Buffers                                            ; Off                ; Off                ;
; Ignore ROW GLOBAL Buffers                                        ; Off                ; Off                ;
; Ignore LCELL Buffers                                             ; Off                ; Off                ;
; Ignore SOFT Buffers                                              ; On                 ; On                 ;
; Limit AHDL Integers to 32 Bits                                   ; Off                ; Off                ;
; Optimization Technique                                           ; Balanced           ; Balanced           ;
; Carry Chain Length                                               ; 70                 ; 70                 ;
; Auto Carry Chains                                                ; On                 ; On                 ;
; Auto Open-Drain Pins                                             ; On                 ; On                 ;
; Perform WYSIWYG Primitive Resynthesis                            ; Off                ; Off                ;
; Auto ROM Replacement                                             ; On                 ; On                 ;
; Auto RAM Replacement                                             ; On                 ; On                 ;
; Auto DSP Block Replacement                                       ; On                 ; On                 ;
; Auto Shift Register Replacement                                  ; Auto               ; Auto               ;
; Allow Shift Register Merging across Hierarchies                  ; Auto               ; Auto               ;
; Auto Clock Enable Replacement                                    ; On                 ; On                 ;
; Strict RAM Replacement                                           ; Off                ; Off                ;
; Allow Synchronous Control Signals                                ; On                 ; On                 ;
; Force Use of Synchronous Clear Signals                           ; Off                ; Off                ;
; Auto RAM Block Balancing                                         ; On                 ; On                 ;
; Auto RAM to Logic Cell Conversion                                ; Off                ; Off                ;
; Auto Resource Sharing                                            ; Off                ; Off                ;
; Allow Any RAM Size For Recognition                               ; Off                ; Off                ;
; Allow Any ROM Size For Recognition                               ; Off                ; Off                ;
; Allow Any Shift Register Size For Recognition                    ; Off                ; Off                ;
; Use LogicLock Constraints during Resource Balancing              ; On                 ; On                 ;
; Ignore translate_off and synthesis_off directives                ; Off                ; Off                ;
; Timing-Driven Synthesis                                          ; On                 ; On                 ;
; Report Parameter Settings                                        ; On                 ; On                 ;
; Report Source Assignments                                        ; On                 ; On                 ;
; Report Connectivity Checks                                       ; On                 ; On                 ;
; Ignore Maximum Fan-Out Assignments                               ; Off                ; Off                ;
; Synchronization Register Chain Length                            ; 2                  ; 2                  ;
; Power Optimization During Synthesis                              ; Normal compilation ; Normal compilation ;
; HDL message level                                                ; Level2             ; Level2             ;
; Suppress Register Optimization Related Messages                  ; Off                ; Off                ;
; Number of Removed Registers Reported in Synthesis Report         ; 5000               ; 5000               ;
; Number of Swept Nodes Reported in Synthesis Report               ; 5000               ; 5000               ;
; Number of Inverted Registers Reported in Synthesis Report        ; 100                ; 100                ;
; Clock MUX Protection                                             ; On                 ; On                 ;
; Auto Gated Clock Conversion                                      ; Off                ; Off                ;
; Block Design Naming                                              ; Auto               ; Auto               ;
; SDC constraint protection                                        ; Off                ; Off                ;
; Synthesis Effort                                                 ; Auto               ; Auto               ;
; Shift Register Replacement - Allow Asynchronous Clear Signal     ; On                 ; On                 ;
; Pre-Mapping Resynthesis Optimization                             ; Off                ; Off                ;
; Analysis & Synthesis Message Level                               ; Medium             ; Medium             ;
; Disable Register Merging Across Hierarchies                      ; Auto               ; Auto               ;
; Resource Aware Inference For Block RAM                           ; On                 ; On                 ;
+------------------------------------------------------------------+--------------------+--------------------+


+------------------------------------------+
; Parallel Compilation                     ;
+----------------------------+-------------+
; Processors                 ; Number      ;
+----------------------------+-------------+
; Number detected on machine ; 4           ;
; Maximum allowed            ; 2           ;
;                            ;             ;
; Average used               ; 1.00        ;
; Maximum used               ; 2           ;
;                            ;             ;
; Usage by Processor         ; % Time Used ;
;     Processor 1            ; 100.0%      ;
;     Processor 2            ;   0.0%      ;
+----------------------------+-------------+


+----------------------------------------------------------------------------------------------------------------------------------------------------------------------------------------------------+
; Analysis & Synthesis Source Files Read                                                                                                                                                             ;
+----------------------------------+-----------------+------------------------------+------------------------------------------------------------------------------------------------------+---------+
; File Name with User-Entered Path ; Used in Netlist ; File Type                    ; File Name with Absolute Path                                                                         ; Library ;
+----------------------------------+-----------------+------------------------------+------------------------------------------------------------------------------------------------------+---------+
; Mux10.vhd                        ; yes             ; User VHDL File               ; C:/Users/user/Desktop/Hiver 2026/Conception de systemes numeriques/Projet/Mux10.vhd                  ;         ;
; ff.vhd                           ; yes             ; User VHDL File               ; C:/Users/user/Desktop/Hiver 2026/Conception de systemes numeriques/Projet/ff.vhd                     ;         ;
; dec3to8.vhd                      ; yes             ; User VHDL File               ; C:/Users/user/Desktop/Hiver 2026/Conception de systemes numeriques/Projet/dec3to8.vhd                ;         ;
; ALU.vhd                          ; yes             ; User VHDL File               ; C:/Users/user/Desktop/Hiver 2026/Conception de systemes numeriques/Projet/ALU.vhd                    ;         ;
; fsm.vhd                          ; yes             ; User VHDL File               ; C:/Users/user/Desktop/Hiver 2026/Conception de systemes numeriques/Projet/fsm.vhd                    ;         ;
; datapath.vhd                     ; yes             ; User VHDL File               ; C:/Users/user/Desktop/Hiver 2026/Conception de systemes numeriques/Projet/datapath.vhd               ;         ;
; cpu.vhd                          ; yes             ; User VHDL File               ; C:/Users/user/Desktop/Hiver 2026/Conception de systemes numeriques/Projet/cpu.vhd                    ;         ;
; lpm_mult.tdf                     ; yes             ; Megafunction                 ; c:/altera_lite/25.1std/quartus/libraries/megafunctions/lpm_mult.tdf                                  ;         ;
; aglobal251.inc                   ; yes             ; Megafunction                 ; c:/altera_lite/25.1std/quartus/libraries/megafunctions/aglobal251.inc                                ;         ;
; lpm_add_sub.inc                  ; yes             ; Megafunction                 ; c:/altera_lite/25.1std/quartus/libraries/megafunctions/lpm_add_sub.inc                               ;         ;
; multcore.inc                     ; yes             ; Megafunction                 ; c:/altera_lite/25.1std/quartus/libraries/megafunctions/multcore.inc                                  ;         ;
; bypassff.inc                     ; yes             ; Megafunction                 ; c:/altera_lite/25.1std/quartus/libraries/megafunctions/bypassff.inc                                  ;         ;
; altshift.inc                     ; yes             ; Megafunction                 ; c:/altera_lite/25.1std/quartus/libraries/megafunctions/altshift.inc                                  ;         ;
; db/mult_4ls.tdf                  ; yes             ; Auto-Generated Megafunction  ; C:/Users/user/Desktop/Hiver 2026/Conception de systemes numeriques/Projet/db/mult_4ls.tdf            ;         ;
; lpm_divide.tdf                   ; yes             ; Megafunction                 ; c:/altera_lite/25.1std/quartus/libraries/megafunctions/lpm_divide.tdf                                ;         ;
; abs_divider.inc                  ; yes             ; Megafunction                 ; c:/altera_lite/25.1std/quartus/libraries/megafunctions/abs_divider.inc                               ;         ;
; sign_div_unsign.inc              ; yes             ; Megafunction                 ; c:/altera_lite/25.1std/quartus/libraries/megafunctions/sign_div_unsign.inc                           ;         ;
; db/lpm_divide_fsl.tdf            ; yes             ; Auto-Generated Megafunction  ; C:/Users/user/Desktop/Hiver 2026/Conception de systemes numeriques/Projet/db/lpm_divide_fsl.tdf      ;         ;
; db/sign_div_unsign_hkh.tdf       ; yes             ; Auto-Generated Megafunction  ; C:/Users/user/Desktop/Hiver 2026/Conception de systemes numeriques/Projet/db/sign_div_unsign_hkh.tdf ;         ;
; db/alt_u_div_cfe.tdf             ; yes             ; Auto-Generated Megafunction  ; C:/Users/user/Desktop/Hiver 2026/Conception de systemes numeriques/Projet/db/alt_u_div_cfe.tdf       ;         ;
; db/add_sub_t3c.tdf               ; yes             ; Auto-Generated Megafunction  ; C:/Users/user/Desktop/Hiver 2026/Conception de systemes numeriques/Projet/db/add_sub_t3c.tdf         ;         ;
; db/add_sub_u3c.tdf               ; yes             ; Auto-Generated Megafunction  ; C:/Users/user/Desktop/Hiver 2026/Conception de systemes numeriques/Projet/db/add_sub_u3c.tdf         ;         ;
+----------------------------------+-----------------+------------------------------+------------------------------------------------------------------------------------------------------+---------+


+---------------------------------------------------------+
; Analysis & Synthesis Resource Usage Summary             ;
+---------------------------------------------+-----------+
; Resource                                    ; Usage     ;
+---------------------------------------------+-----------+
; Estimated Total logic elements              ; 393       ;
;                                             ;           ;
; Total combinational functions               ; 312       ;
; Logic element usage by number of LUT inputs ;           ;
;     -- 4 input functions                    ; 185       ;
;     -- 3 input functions                    ; 90        ;
;     -- <=2 input functions                  ; 37        ;
;                                             ;           ;
; Logic elements by mode                      ;           ;
;     -- normal mode                          ; 238       ;
;     -- arithmetic mode                      ; 74        ;
;                                             ;           ;
; Total registers                             ; 101       ;
;     -- Dedicated logic registers            ; 101       ;
;     -- I/O registers                        ; 0         ;
;                                             ;           ;
; I/O pins                                    ; 23        ;
;                                             ;           ;
; Embedded Multiplier 9-bit elements          ; 3         ;
;                                             ;           ;
; Maximum fan-out node                        ; clk~input ;
; Maximum fan-out                             ; 101       ;
; Total fan-out                               ; 1445      ;
; Average fan-out                             ; 3.11      ;
+---------------------------------------------+-----------+


+-----------------------------------------------------------------------------------------------------------------------------------------------------------------------------------------------------------------------------------------------------------------------------------------------------------------------------------------------------------------------------+
; Analysis & Synthesis Resource Utilization by Entity                                                                                                                                                                                                                                                                                                                         ;
+----------------------------------------------+---------------------+---------------------------+-------------+------------+--------------+---------+-----------+------+--------------+------------+------------------------------------------------------------------------------------------------------------------------------------+---------------------+--------------+
; Compilation Hierarchy Node                   ; Combinational ALUTs ; Dedicated Logic Registers ; Memory Bits ; UFM Blocks ; DSP Elements ; DSP 9x9 ; DSP 18x18 ; Pins ; Virtual Pins ; ADC blocks ; Full Hierarchy Name                                                                                                                ; Entity Name         ; Library Name ;
+----------------------------------------------+---------------------+---------------------------+-------------+------------+--------------+---------+-----------+------+--------------+------------+------------------------------------------------------------------------------------------------------------------------------------+---------------------+--------------+
; |cpu                                         ; 312 (0)             ; 101 (0)                   ; 0           ; 0          ; 3            ; 3       ; 0         ; 23   ; 0            ; 0          ; |cpu                                                                                                                               ; cpu                 ; work         ;
;    |datapath:DATAPATH|                       ; 266 (0)             ; 99 (0)                    ; 0           ; 0          ; 3            ; 3       ; 0         ; 0    ; 0            ; 0          ; |cpu|datapath:DATAPATH                                                                                                             ; datapath            ; work         ;
;       |ALU:blocALU|                          ; 184 (87)            ; 0 (0)                     ; 0           ; 0          ; 3            ; 3       ; 0         ; 0    ; 0            ; 0          ; |cpu|datapath:DATAPATH|ALU:blocALU                                                                                                 ; ALU                 ; work         ;
;          |lpm_divide:Div1|                   ; 97 (0)              ; 0 (0)                     ; 0           ; 0          ; 0            ; 0       ; 0         ; 0    ; 0            ; 0          ; |cpu|datapath:DATAPATH|ALU:blocALU|lpm_divide:Div1                                                                                 ; lpm_divide          ; work         ;
;             |lpm_divide_fsl:auto_generated|  ; 97 (0)              ; 0 (0)                     ; 0           ; 0          ; 0            ; 0       ; 0         ; 0    ; 0            ; 0          ; |cpu|datapath:DATAPATH|ALU:blocALU|lpm_divide:Div1|lpm_divide_fsl:auto_generated                                                   ; lpm_divide_fsl      ; work         ;
;                |sign_div_unsign_hkh:divider| ; 97 (0)              ; 0 (0)                     ; 0           ; 0          ; 0            ; 0       ; 0         ; 0    ; 0            ; 0          ; |cpu|datapath:DATAPATH|ALU:blocALU|lpm_divide:Div1|lpm_divide_fsl:auto_generated|sign_div_unsign_hkh:divider                       ; sign_div_unsign_hkh ; work         ;
;                   |alt_u_div_cfe:divider|    ; 97 (97)             ; 0 (0)                     ; 0           ; 0          ; 0            ; 0       ; 0         ; 0    ; 0            ; 0          ; |cpu|datapath:DATAPATH|ALU:blocALU|lpm_divide:Div1|lpm_divide_fsl:auto_generated|sign_div_unsign_hkh:divider|alt_u_div_cfe:divider ; alt_u_div_cfe       ; work         ;
;          |lpm_mult:Mult0|                    ; 0 (0)               ; 0 (0)                     ; 0           ; 0          ; 1            ; 1       ; 0         ; 0    ; 0            ; 0          ; |cpu|datapath:DATAPATH|ALU:blocALU|lpm_mult:Mult0                                                                                  ; lpm_mult            ; work         ;
;             |mult_4ls:auto_generated|        ; 0 (0)               ; 0 (0)                     ; 0           ; 0          ; 1            ; 1       ; 0         ; 0    ; 0            ; 0          ; |cpu|datapath:DATAPATH|ALU:blocALU|lpm_mult:Mult0|mult_4ls:auto_generated                                                          ; mult_4ls            ; work         ;
;          |lpm_mult:Mult1|                    ; 0 (0)               ; 0 (0)                     ; 0           ; 0          ; 1            ; 1       ; 0         ; 0    ; 0            ; 0          ; |cpu|datapath:DATAPATH|ALU:blocALU|lpm_mult:Mult1                                                                                  ; lpm_mult            ; work         ;
;             |mult_4ls:auto_generated|        ; 0 (0)               ; 0 (0)                     ; 0           ; 0          ; 1            ; 1       ; 0         ; 0    ; 0            ; 0          ; |cpu|datapath:DATAPATH|ALU:blocALU|lpm_mult:Mult1|mult_4ls:auto_generated                                                          ; mult_4ls            ; work         ;
;          |lpm_mult:Mult2|                    ; 0 (0)               ; 0 (0)                     ; 0           ; 0          ; 1            ; 1       ; 0         ; 0    ; 0            ; 0          ; |cpu|datapath:DATAPATH|ALU:blocALU|lpm_mult:Mult2                                                                                  ; lpm_mult            ; work         ;
;             |mult_4ls:auto_generated|        ; 0 (0)               ; 0 (0)                     ; 0           ; 0          ; 1            ; 1       ; 0         ; 0    ; 0            ; 0          ; |cpu|datapath:DATAPATH|ALU:blocALU|lpm_mult:Mult2|mult_4ls:auto_generated                                                          ; mult_4ls            ; work         ;
;       |Mux10:mux10|                          ; 77 (77)             ; 0 (0)                     ; 0           ; 0          ; 0            ; 0       ; 0         ; 0    ; 0            ; 0          ; |cpu|datapath:DATAPATH|Mux10:mux10                                                                                                 ; Mux10               ; work         ;
;       |vDFFE:A|                              ; 0 (0)               ; 9 (9)                     ; 0           ; 0          ; 0            ; 0       ; 0         ; 0    ; 0            ; 0          ; |cpu|datapath:DATAPATH|vDFFE:A                                                                                                     ; vDFFE               ; work         ;
;       |vDFFE:G|                              ; 5 (5)               ; 9 (9)                     ; 0           ; 0          ; 0            ; 0       ; 0         ; 0    ; 0            ; 0          ; |cpu|datapath:DATAPATH|vDFFE:G                                                                                                     ; vDFFE               ; work         ;
;       |vDFFE:IR|                             ; 0 (0)               ; 9 (9)                     ; 0           ; 0          ; 0            ; 0       ; 0         ; 0    ; 0            ; 0          ; |cpu|datapath:DATAPATH|vDFFE:IR                                                                                                    ; vDFFE               ; work         ;
;       |vDFFE:R0|                             ; 0 (0)               ; 9 (9)                     ; 0           ; 0          ; 0            ; 0       ; 0         ; 0    ; 0            ; 0          ; |cpu|datapath:DATAPATH|vDFFE:R0                                                                                                    ; vDFFE               ; work         ;
;       |vDFFE:R1|                             ; 0 (0)               ; 9 (9)                     ; 0           ; 0          ; 0            ; 0       ; 0         ; 0    ; 0            ; 0          ; |cpu|datapath:DATAPATH|vDFFE:R1                                                                                                    ; vDFFE               ; work         ;
;       |vDFFE:R2|                             ; 0 (0)               ; 9 (9)                     ; 0           ; 0          ; 0            ; 0       ; 0         ; 0    ; 0            ; 0          ; |cpu|datapath:DATAPATH|vDFFE:R2                                                                                                    ; vDFFE               ; work         ;
;       |vDFFE:R3|                             ; 0 (0)               ; 9 (9)                     ; 0           ; 0          ; 0            ; 0       ; 0         ; 0    ; 0            ; 0          ; |cpu|datapath:DATAPATH|vDFFE:R3                                                                                                    ; vDFFE               ; work         ;
;       |vDFFE:R4|                             ; 0 (0)               ; 9 (9)                     ; 0           ; 0          ; 0            ; 0       ; 0         ; 0    ; 0            ; 0          ; |cpu|datapath:DATAPATH|vDFFE:R4                                                                                                    ; vDFFE               ; work         ;
;       |vDFFE:R5|                             ; 0 (0)               ; 9 (9)                     ; 0           ; 0          ; 0            ; 0       ; 0         ; 0    ; 0            ; 0          ; |cpu|datapath:DATAPATH|vDFFE:R5                                                                                                    ; vDFFE               ; work         ;
;       |vDFFE:R6|                             ; 0 (0)               ; 9 (9)                     ; 0           ; 0          ; 0            ; 0       ; 0         ; 0    ; 0            ; 0          ; |cpu|datapath:DATAPATH|vDFFE:R6                                                                                                    ; vDFFE               ; work         ;
;       |vDFFE:R7|                             ; 0 (0)               ; 9 (9)                     ; 0           ; 0          ; 0            ; 0       ; 0         ; 0    ; 0            ; 0          ; |cpu|datapath:DATAPATH|vDFFE:R7                                                                                                    ; vDFFE               ; work         ;
;    |fsm:FSM|                                 ; 46 (46)             ; 2 (0)                     ; 0           ; 0          ; 0            ; 0       ; 0         ; 0    ; 0            ; 0          ; |cpu|fsm:FSM                                                                                                                       ; fsm                 ; work         ;
;       |vDFF:dFF|                             ; 0 (0)               ; 2 (2)                     ; 0           ; 0          ; 0            ; 0       ; 0         ; 0    ; 0            ; 0          ; |cpu|fsm:FSM|vDFF:dFF                                                                                                              ; vDFF                ; work         ;
+----------------------------------------------+---------------------+---------------------------+-------------+------------+--------------+---------+-----------+------+--------------+------------+------------------------------------------------------------------------------------------------------------------------------------+---------------------+--------------+
Note: For table entries with two numbers listed, the numbers in parentheses indicate the number of resources of the given type used by the specific entity alone. The numbers listed outside of parentheses indicate the total resources of the given type used by the specific entity and all of its sub-entities in the hierarchy.


+-----------------------------------------------------+
; Analysis & Synthesis DSP Block Usage Summary        ;
+---------------------------------------+-------------+
; Statistic                             ; Number Used ;
+---------------------------------------+-------------+
; Simple Multipliers (9-bit)            ; 3           ;
; Simple Multipliers (18-bit)           ; 0           ;
; Embedded Multiplier Blocks            ; --          ;
; Embedded Multiplier 9-bit elements    ; 3           ;
; Signed Embedded Multipliers           ; 0           ;
; Unsigned Embedded Multipliers         ; 3           ;
; Mixed Sign Embedded Multipliers       ; 0           ;
; Variable Sign Embedded Multipliers    ; 0           ;
; Dedicated Input Shift Register Chains ; 0           ;
+---------------------------------------+-------------+
Note: number of Embedded Multiplier Blocks used is only available after a successful fit.


+------------------------------------------------------+
; General Register Statistics                          ;
+----------------------------------------------+-------+
; Statistic                                    ; Value ;
+----------------------------------------------+-------+
; Total registers                              ; 101   ;
; Number of registers using Synchronous Clear  ; 0     ;
; Number of registers using Synchronous Load   ; 0     ;
; Number of registers using Asynchronous Clear ; 0     ;
; Number of registers using Asynchronous Load  ; 0     ;
; Number of registers using Clock Enable       ; 99    ;
; Number of registers using Preset             ; 0     ;
+----------------------------------------------+-------+


+-----------------------------------------------------------------------------------------------------------------------------------------------------------+
; Multiplexer Restructuring Statistics (Restructuring Performed)                                                                                            ;
+--------------------+-----------+---------------+----------------------+------------------------+------------+---------------------------------------------+
; Multiplexer Inputs ; Bus Width ; Baseline Area ; Area if Restructured ; Saving if Restructured ; Registered ; Example Multiplexer Output                  ;
+--------------------+-----------+---------------+----------------------+------------------------+------------+---------------------------------------------+
; 10:1               ; 7 bits    ; 42 LEs        ; 35 LEs               ; 7 LEs                  ; Yes        ; |cpu|datapath:DATAPATH|vDFFE:G|Q[6]         ;
; 3:1                ; 2 bits    ; 4 LEs         ; 4 LEs                ; 0 LEs                  ; No         ; |cpu|fsm:FSM|Mux74                          ;
; 9:1                ; 8 bits    ; 48 LEs        ; 8 LEs                ; 40 LEs                 ; No         ; |cpu|fsm:FSM|Mux68                          ;
; 11:1               ; 8 bits    ; 56 LEs        ; 16 LEs               ; 40 LEs                 ; No         ; |cpu|fsm:FSM|Mux54                          ;
; 10:1               ; 9 bits    ; 54 LEs        ; 54 LEs               ; 0 LEs                  ; No         ; |cpu|datapath:DATAPATH|Mux10:mux10|Bus_o[8] ;
+--------------------+-----------+---------------+----------------------+------------------------+------------+---------------------------------------------+


+---------------------------------------------------------------+
; Parameter Settings for User Entity Instance: fsm:FSM|vDFF:dFF ;
+----------------+-------+--------------------------------------+
; Parameter Name ; Value ; Type                                 ;
+----------------+-------+--------------------------------------+
; n              ; 2     ; Signed Integer                       ;
+----------------+-------+--------------------------------------+
Note: In order to hide this table in the UI and the text report file, please set the "Show Parameter Settings in Synthesis Report" option in "Analysis and Synthesis Settings -> More Settings" to "Off".


+-------------------------------------------------------------------------+
; Parameter Settings for User Entity Instance: datapath:DATAPATH|vDFFE:R0 ;
+----------------+-------+------------------------------------------------+
; Parameter Name ; Value ; Type                                           ;
+----------------+-------+------------------------------------------------+
; n              ; 9     ; Signed Integer                                 ;
+----------------+-------+------------------------------------------------+
Note: In order to hide this table in the UI and the text report file, please set the "Show Parameter Settings in Synthesis Report" option in "Analysis and Synthesis Settings -> More Settings" to "Off".


+-------------------------------------------------------------------------+
; Parameter Settings for User Entity Instance: datapath:DATAPATH|vDFFE:R1 ;
+----------------+-------+------------------------------------------------+
; Parameter Name ; Value ; Type                                           ;
+----------------+-------+------------------------------------------------+
; n              ; 9     ; Signed Integer                                 ;
+----------------+-------+------------------------------------------------+
Note: In order to hide this table in the UI and the text report file, please set the "Show Parameter Settings in Synthesis Report" option in "Analysis and Synthesis Settings -> More Settings" to "Off".


+-------------------------------------------------------------------------+
; Parameter Settings for User Entity Instance: datapath:DATAPATH|vDFFE:R2 ;
+----------------+-------+------------------------------------------------+
; Parameter Name ; Value ; Type                                           ;
+----------------+-------+------------------------------------------------+
; n              ; 9     ; Signed Integer                                 ;
+----------------+-------+------------------------------------------------+
Note: In order to hide this table in the UI and the text report file, please set the "Show Parameter Settings in Synthesis Report" option in "Analysis and Synthesis Settings -> More Settings" to "Off".


+-------------------------------------------------------------------------+
; Parameter Settings for User Entity Instance: datapath:DATAPATH|vDFFE:R3 ;
+----------------+-------+------------------------------------------------+
; Parameter Name ; Value ; Type                                           ;
+----------------+-------+------------------------------------------------+
; n              ; 9     ; Signed Integer                                 ;
+----------------+-------+------------------------------------------------+
Note: In order to hide this table in the UI and the text report file, please set the "Show Parameter Settings in Synthesis Report" option in "Analysis and Synthesis Settings -> More Settings" to "Off".


+-------------------------------------------------------------------------+
; Parameter Settings for User Entity Instance: datapath:DATAPATH|vDFFE:R4 ;
+----------------+-------+------------------------------------------------+
; Parameter Name ; Value ; Type                                           ;
+----------------+-------+------------------------------------------------+
; n              ; 9     ; Signed Integer                                 ;
+----------------+-------+------------------------------------------------+
Note: In order to hide this table in the UI and the text report file, please set the "Show Parameter Settings in Synthesis Report" option in "Analysis and Synthesis Settings -> More Settings" to "Off".


+-------------------------------------------------------------------------+
; Parameter Settings for User Entity Instance: datapath:DATAPATH|vDFFE:R5 ;
+----------------+-------+------------------------------------------------+
; Parameter Name ; Value ; Type                                           ;
+----------------+-------+------------------------------------------------+
; n              ; 9     ; Signed Integer                                 ;
+----------------+-------+------------------------------------------------+
Note: In order to hide this table in the UI and the text report file, please set the "Show Parameter Settings in Synthesis Report" option in "Analysis and Synthesis Settings -> More Settings" to "Off".


+-------------------------------------------------------------------------+
; Parameter Settings for User Entity Instance: datapath:DATAPATH|vDFFE:R6 ;
+----------------+-------+------------------------------------------------+
; Parameter Name ; Value ; Type                                           ;
+----------------+-------+------------------------------------------------+
; n              ; 9     ; Signed Integer                                 ;
+----------------+-------+------------------------------------------------+
Note: In order to hide this table in the UI and the text report file, please set the "Show Parameter Settings in Synthesis Report" option in "Analysis and Synthesis Settings -> More Settings" to "Off".


+-------------------------------------------------------------------------+
; Parameter Settings for User Entity Instance: datapath:DATAPATH|vDFFE:R7 ;
+----------------+-------+------------------------------------------------+
; Parameter Name ; Value ; Type                                           ;
+----------------+-------+------------------------------------------------+
; n              ; 9     ; Signed Integer                                 ;
+----------------+-------+------------------------------------------------+
Note: In order to hide this table in the UI and the text report file, please set the "Show Parameter Settings in Synthesis Report" option in "Analysis and Synthesis Settings -> More Settings" to "Off".


+------------------------------------------------------------------------+
; Parameter Settings for User Entity Instance: datapath:DATAPATH|vDFFE:A ;
+----------------+-------+-----------------------------------------------+
; Parameter Name ; Value ; Type                                          ;
+----------------+-------+-----------------------------------------------+
; n              ; 9     ; Signed Integer                                ;
+----------------+-------+-----------------------------------------------+
Note: In order to hide this table in the UI and the text report file, please set the "Show Parameter Settings in Synthesis Report" option in "Analysis and Synthesis Settings -> More Settings" to "Off".


+------------------------------------------------------------------------+
; Parameter Settings for User Entity Instance: datapath:DATAPATH|vDFFE:G ;
+----------------+-------+-----------------------------------------------+
; Parameter Name ; Value ; Type                                          ;
+----------------+-------+-----------------------------------------------+
; n              ; 9     ; Signed Integer                                ;
+----------------+-------+-----------------------------------------------+
Note: In order to hide this table in the UI and the text report file, please set the "Show Parameter Settings in Synthesis Report" option in "Analysis and Synthesis Settings -> More Settings" to "Off".


+-------------------------------------------------------------------------+
; Parameter Settings for User Entity Instance: datapath:DATAPATH|vDFFE:IR ;
+----------------+-------+------------------------------------------------+
; Parameter Name ; Value ; Type                                           ;
+----------------+-------+------------------------------------------------+
; n              ; 9     ; Signed Integer                                 ;
+----------------+-------+------------------------------------------------+
Note: In order to hide this table in the UI and the text report file, please set the "Show Parameter Settings in Synthesis Report" option in "Analysis and Synthesis Settings -> More Settings" to "Off".


+----------------------------------------------------------------------------+
; Parameter Settings for User Entity Instance: datapath:DATAPATH|Mux10:mux10 ;
+----------------+-------+---------------------------------------------------+
; Parameter Name ; Value ; Type                                              ;
+----------------+-------+---------------------------------------------------+
; n              ; 9     ; Signed Integer                                    ;
+----------------+-------+---------------------------------------------------+
Note: In order to hide this table in the UI and the text report file, please set the "Show Parameter Settings in Synthesis Report" option in "Analysis and Synthesis Settings -> More Settings" to "Off".


+-----------------------------------------------------------------------------------------------+
; Parameter Settings for Inferred Entity Instance: datapath:DATAPATH|ALU:blocALU|lpm_mult:Mult0 ;
+------------------------------------------------+----------+-----------------------------------+
; Parameter Name                                 ; Value    ; Type                              ;
+------------------------------------------------+----------+-----------------------------------+
; AUTO_CARRY_CHAINS                              ; ON       ; AUTO_CARRY                        ;
; IGNORE_CARRY_BUFFERS                           ; OFF      ; IGNORE_CARRY                      ;
; AUTO_CASCADE_CHAINS                            ; ON       ; AUTO_CASCADE                      ;
; IGNORE_CASCADE_BUFFERS                         ; OFF      ; IGNORE_CASCADE                    ;
; LPM_WIDTHA                                     ; 9        ; Untyped                           ;
; LPM_WIDTHB                                     ; 9        ; Untyped                           ;
; LPM_WIDTHP                                     ; 18       ; Untyped                           ;
; LPM_WIDTHR                                     ; 18       ; Untyped                           ;
; LPM_WIDTHS                                     ; 1        ; Untyped                           ;
; LPM_REPRESENTATION                             ; UNSIGNED ; Untyped                           ;
; LPM_PIPELINE                                   ; 0        ; Untyped                           ;
; LATENCY                                        ; 0        ; Untyped                           ;
; INPUT_A_IS_CONSTANT                            ; NO       ; Untyped                           ;
; INPUT_B_IS_CONSTANT                            ; NO       ; Untyped                           ;
; USE_EAB                                        ; OFF      ; Untyped                           ;
; MAXIMIZE_SPEED                                 ; 5        ; Untyped                           ;
; DEVICE_FAMILY                                  ; MAX 10   ; Untyped                           ;
; CARRY_CHAIN                                    ; MANUAL   ; Untyped                           ;
; APEX20K_TECHNOLOGY_MAPPER                      ; LUT      ; TECH_MAPPER_APEX20K               ;
; DEDICATED_MULTIPLIER_CIRCUITRY                 ; AUTO     ; Untyped                           ;
; DEDICATED_MULTIPLIER_MIN_INPUT_WIDTH_FOR_AUTO  ; 0        ; Untyped                           ;
; DEDICATED_MULTIPLIER_MIN_OUTPUT_WIDTH_FOR_AUTO ; 0        ; Untyped                           ;
; CBXI_PARAMETER                                 ; mult_4ls ; Untyped                           ;
; INPUT_A_FIXED_VALUE                            ; Bx       ; Untyped                           ;
; INPUT_B_FIXED_VALUE                            ; Bx       ; Untyped                           ;
; USE_AHDL_IMPLEMENTATION                        ; OFF      ; Untyped                           ;
+------------------------------------------------+----------+-----------------------------------+
Note: In order to hide this table in the UI and the text report file, please set the "Show Parameter Settings in Synthesis Report" option in "Analysis and Synthesis Settings -> More Settings" to "Off".


+------------------------------------------------------------------------------------------------+
; Parameter Settings for Inferred Entity Instance: datapath:DATAPATH|ALU:blocALU|lpm_divide:Div1 ;
+------------------------+----------------+------------------------------------------------------+
; Parameter Name         ; Value          ; Type                                                 ;
+------------------------+----------------+------------------------------------------------------+
; LPM_WIDTHN             ; 9              ; Untyped                                              ;
; LPM_WIDTHD             ; 9              ; Untyped                                              ;
; LPM_NREPRESENTATION    ; UNSIGNED       ; Untyped                                              ;
; LPM_DREPRESENTATION    ; UNSIGNED       ; Untyped                                              ;
; LPM_PIPELINE           ; 0              ; Untyped                                              ;
; LPM_REMAINDERPOSITIVE  ; TRUE           ; Untyped                                              ;
; MAXIMIZE_SPEED         ; 5              ; Untyped                                              ;
; CBXI_PARAMETER         ; lpm_divide_fsl ; Untyped                                              ;
; CARRY_CHAIN            ; MANUAL         ; Untyped                                              ;
; OPTIMIZE_FOR_SPEED     ; 5              ; Untyped                                              ;
; AUTO_CARRY_CHAINS      ; ON             ; AUTO_CARRY                                           ;
; IGNORE_CARRY_BUFFERS   ; OFF            ; IGNORE_CARRY                                         ;
; AUTO_CASCADE_CHAINS    ; ON             ; AUTO_CASCADE                                         ;
; IGNORE_CASCADE_BUFFERS ; OFF            ; IGNORE_CASCADE                                       ;
+------------------------+----------------+------------------------------------------------------+
Note: In order to hide this table in the UI and the text report file, please set the "Show Parameter Settings in Synthesis Report" option in "Analysis and Synthesis Settings -> More Settings" to "Off".


+-----------------------------------------------------------------------------------------------+
; Parameter Settings for Inferred Entity Instance: datapath:DATAPATH|ALU:blocALU|lpm_mult:Mult1 ;
+------------------------------------------------+----------+-----------------------------------+
; Parameter Name                                 ; Value    ; Type                              ;
+------------------------------------------------+----------+-----------------------------------+
; AUTO_CARRY_CHAINS                              ; ON       ; AUTO_CARRY                        ;
; IGNORE_CARRY_BUFFERS                           ; OFF      ; IGNORE_CARRY                      ;
; AUTO_CASCADE_CHAINS                            ; ON       ; AUTO_CASCADE                      ;
; IGNORE_CASCADE_BUFFERS                         ; OFF      ; IGNORE_CASCADE                    ;
; LPM_WIDTHA                                     ; 9        ; Untyped                           ;
; LPM_WIDTHB                                     ; 9        ; Untyped                           ;
; LPM_WIDTHP                                     ; 18       ; Untyped                           ;
; LPM_WIDTHR                                     ; 18       ; Untyped                           ;
; LPM_WIDTHS                                     ; 1        ; Untyped                           ;
; LPM_REPRESENTATION                             ; UNSIGNED ; Untyped                           ;
; LPM_PIPELINE                                   ; 0        ; Untyped                           ;
; LATENCY                                        ; 0        ; Untyped                           ;
; INPUT_A_IS_CONSTANT                            ; NO       ; Untyped                           ;
; INPUT_B_IS_CONSTANT                            ; NO       ; Untyped                           ;
; USE_EAB                                        ; OFF      ; Untyped                           ;
; MAXIMIZE_SPEED                                 ; 5        ; Untyped                           ;
; DEVICE_FAMILY                                  ; MAX 10   ; Untyped                           ;
; CARRY_CHAIN                                    ; MANUAL   ; Untyped                           ;
; APEX20K_TECHNOLOGY_MAPPER                      ; LUT      ; TECH_MAPPER_APEX20K               ;
; DEDICATED_MULTIPLIER_CIRCUITRY                 ; AUTO     ; Untyped                           ;
; DEDICATED_MULTIPLIER_MIN_INPUT_WIDTH_FOR_AUTO  ; 0        ; Untyped                           ;
; DEDICATED_MULTIPLIER_MIN_OUTPUT_WIDTH_FOR_AUTO ; 0        ; Untyped                           ;
; CBXI_PARAMETER                                 ; mult_4ls ; Untyped                           ;
; INPUT_A_FIXED_VALUE                            ; Bx       ; Untyped                           ;
; INPUT_B_FIXED_VALUE                            ; Bx       ; Untyped                           ;
; USE_AHDL_IMPLEMENTATION                        ; OFF      ; Untyped                           ;
+------------------------------------------------+----------+-----------------------------------+
Note: In order to hide this table in the UI and the text report file, please set the "Show Parameter Settings in Synthesis Report" option in "Analysis and Synthesis Settings -> More Settings" to "Off".


+-----------------------------------------------------------------------------------------------+
; Parameter Settings for Inferred Entity Instance: datapath:DATAPATH|ALU:blocALU|lpm_mult:Mult2 ;
+------------------------------------------------+----------+-----------------------------------+
; Parameter Name                                 ; Value    ; Type                              ;
+------------------------------------------------+----------+-----------------------------------+
; AUTO_CARRY_CHAINS                              ; ON       ; AUTO_CARRY                        ;
; IGNORE_CARRY_BUFFERS                           ; OFF      ; IGNORE_CARRY                      ;
; AUTO_CASCADE_CHAINS                            ; ON       ; AUTO_CASCADE                      ;
; IGNORE_CASCADE_BUFFERS                         ; OFF      ; IGNORE_CASCADE                    ;
; LPM_WIDTHA                                     ; 9        ; Untyped                           ;
; LPM_WIDTHB                                     ; 9        ; Untyped                           ;
; LPM_WIDTHP                                     ; 18       ; Untyped                           ;
; LPM_WIDTHR                                     ; 18       ; Untyped                           ;
; LPM_WIDTHS                                     ; 1        ; Untyped                           ;
; LPM_REPRESENTATION                             ; UNSIGNED ; Untyped                           ;
; LPM_PIPELINE                                   ; 0        ; Untyped                           ;
; LATENCY                                        ; 0        ; Untyped                           ;
; INPUT_A_IS_CONSTANT                            ; NO       ; Untyped                           ;
; INPUT_B_IS_CONSTANT                            ; NO       ; Untyped                           ;
; USE_EAB                                        ; OFF      ; Untyped                           ;
; MAXIMIZE_SPEED                                 ; 5        ; Untyped                           ;
; DEVICE_FAMILY                                  ; MAX 10   ; Untyped                           ;
; CARRY_CHAIN                                    ; MANUAL   ; Untyped                           ;
; APEX20K_TECHNOLOGY_MAPPER                      ; LUT      ; TECH_MAPPER_APEX20K               ;
; DEDICATED_MULTIPLIER_CIRCUITRY                 ; AUTO     ; Untyped                           ;
; DEDICATED_MULTIPLIER_MIN_INPUT_WIDTH_FOR_AUTO  ; 0        ; Untyped                           ;
; DEDICATED_MULTIPLIER_MIN_OUTPUT_WIDTH_FOR_AUTO ; 0        ; Untyped                           ;
; CBXI_PARAMETER                                 ; mult_4ls ; Untyped                           ;
; INPUT_A_FIXED_VALUE                            ; Bx       ; Untyped                           ;
; INPUT_B_FIXED_VALUE                            ; Bx       ; Untyped                           ;
; USE_AHDL_IMPLEMENTATION                        ; OFF      ; Untyped                           ;
+------------------------------------------------+----------+-----------------------------------+
Note: In order to hide this table in the UI and the text report file, please set the "Show Parameter Settings in Synthesis Report" option in "Analysis and Synthesis Settings -> More Settings" to "Off".


+--------------------------------------------------------------------------------------+
; lpm_mult Parameter Settings by Entity Instance                                       ;
+---------------------------------------+----------------------------------------------+
; Name                                  ; Value                                        ;
+---------------------------------------+----------------------------------------------+
; Number of entity instances            ; 3                                            ;
; Entity Instance                       ; datapath:DATAPATH|ALU:blocALU|lpm_mult:Mult0 ;
;     -- LPM_WIDTHA                     ; 9                                            ;
;     -- LPM_WIDTHB                     ; 9                                            ;
;     -- LPM_WIDTHP                     ; 18                                           ;
;     -- LPM_REPRESENTATION             ; UNSIGNED                                     ;
;     -- INPUT_A_IS_CONSTANT            ; NO                                           ;
;     -- INPUT_B_IS_CONSTANT            ; NO                                           ;
;     -- USE_EAB                        ; OFF                                          ;
;     -- DEDICATED_MULTIPLIER_CIRCUITRY ; AUTO                                         ;
;     -- INPUT_A_FIXED_VALUE            ; Bx                                           ;
;     -- INPUT_B_FIXED_VALUE            ; Bx                                           ;
; Entity Instance                       ; datapath:DATAPATH|ALU:blocALU|lpm_mult:Mult1 ;
;     -- LPM_WIDTHA                     ; 9                                            ;
;     -- LPM_WIDTHB                     ; 9                                            ;
;     -- LPM_WIDTHP                     ; 18                                           ;
;     -- LPM_REPRESENTATION             ; UNSIGNED                                     ;
;     -- INPUT_A_IS_CONSTANT            ; NO                                           ;
;     -- INPUT_B_IS_CONSTANT            ; NO                                           ;
;     -- USE_EAB                        ; OFF                                          ;
;     -- DEDICATED_MULTIPLIER_CIRCUITRY ; AUTO                                         ;
;     -- INPUT_A_FIXED_VALUE            ; Bx                                           ;
;     -- INPUT_B_FIXED_VALUE            ; Bx                                           ;
; Entity Instance                       ; datapath:DATAPATH|ALU:blocALU|lpm_mult:Mult2 ;
;     -- LPM_WIDTHA                     ; 9                                            ;
;     -- LPM_WIDTHB                     ; 9                                            ;
;     -- LPM_WIDTHP                     ; 18                                           ;
;     -- LPM_REPRESENTATION             ; UNSIGNED                                     ;
;     -- INPUT_A_IS_CONSTANT            ; NO                                           ;
;     -- INPUT_B_IS_CONSTANT            ; NO                                           ;
;     -- USE_EAB                        ; OFF                                          ;
;     -- DEDICATED_MULTIPLIER_CIRCUITRY ; AUTO                                         ;
;     -- INPUT_A_FIXED_VALUE            ; Bx                                           ;
;     -- INPUT_B_FIXED_VALUE            ; Bx                                           ;
+---------------------------------------+----------------------------------------------+


+----------------------------------------------------------------------------------------------------------------+
; Port Connectivity Checks: "datapath:DATAPATH"                                                                  ;
+------+--------+----------+-------------------------------------------------------------------------------------+
; Port ; Type   ; Severity ; Details                                                                             ;
+------+--------+----------+-------------------------------------------------------------------------------------+
; div0 ; Output ; Info     ; Connected to dangling logic. Logic that only feeds a dangling port will be removed. ;
+------+--------+----------+-------------------------------------------------------------------------------------+


+-----------------------------------------------------+
; Post-Synthesis Netlist Statistics for Top Partition ;
+-----------------------+-----------------------------+
; Type                  ; Count                       ;
+-----------------------+-----------------------------+
; boundary_port         ; 23                          ;
; cycloneiii_ff         ; 101                         ;
;     ENA               ; 99                          ;
;     plain             ; 2                           ;
; cycloneiii_lcell_comb ; 312                         ;
;     arith             ; 74                          ;
;         3 data inputs ; 74                          ;
;     normal            ; 238                         ;
;         0 data inputs ; 7                           ;
;         2 data inputs ; 30                          ;
;         3 data inputs ; 16                          ;
;         4 data inputs ; 185                         ;
; cycloneiii_mac_mult   ; 3                           ;
; cycloneiii_mac_out    ; 3                           ;
;                       ;                             ;
; Max LUT depth         ; 33.50                       ;
; Average LUT depth     ; 22.42                       ;
+-----------------------+-----------------------------+


+-------------------------------+
; Elapsed Time Per Partition    ;
+----------------+--------------+
; Partition Name ; Elapsed Time ;
+----------------+--------------+
; Top            ; 00:00:02     ;
+----------------+--------------+


+-------------------------------+
; Analysis & Synthesis Messages ;
+-------------------------------+
Info: *******************************************************************
Info: Running Quartus Prime Analysis & Synthesis
    Info: Version 25.1std.0 Build 1129 10/21/2025 SC Lite Edition
    Info: Processing started: Tue Mar 31 09:57:01 2026
Info: Command: quartus_map --read_settings_files=on --write_settings_files=off Projet -c Projet
Warning (18236): Number of processors has not been specified which may cause overloading on shared machines.  Set the global assignment NUM_PARALLEL_PROCESSORS in your QSF to an appropriate value for best performance.
Info (20030): Parallel compilation is enabled and will use 2 of the 2 processors detected
Info (12021): Found 2 design units, including 1 entities, in source file mux10.vhd
    Info (12022): Found design unit 1: Mux10-implmux10 File: C:/Users/user/Desktop/Hiver 2026/Conception de systemes numeriques/Projet/Mux10.vhd Line: 23
    Info (12023): Found entity 1: Mux10 File: C:/Users/user/Desktop/Hiver 2026/Conception de systemes numeriques/Projet/Mux10.vhd Line: 14
Info (12021): Found 7 design units, including 3 entities, in source file ff.vhd
    Info (12022): Found design unit 1: ff File: C:/Users/user/Desktop/Hiver 2026/Conception de systemes numeriques/Projet/ff.vhd Line: 37
    Info (12022): Found design unit 2: vDFF-impl File: C:/Users/user/Desktop/Hiver 2026/Conception de systemes numeriques/Projet/ff.vhd Line: 104
    Info (12022): Found design unit 3: sDFF-impl File: C:/Users/user/Desktop/Hiver 2026/Conception de systemes numeriques/Projet/ff.vhd Line: 123
    Info (12022): Found design unit 4: vDFFE-impl File: C:/Users/user/Desktop/Hiver 2026/Conception de systemes numeriques/Projet/ff.vhd Line: 146
    Info (12023): Found entity 1: vDFF File: C:/Users/user/Desktop/Hiver 2026/Conception de systemes numeriques/Projet/ff.vhd Line: 97
    Info (12023): Found entity 2: sDFF File: C:/Users/user/Desktop/Hiver 2026/Conception de systemes numeriques/Projet/ff.vhd Line: 118
    Info (12023): Found entity 3: vDFFE File: C:/Users/user/Desktop/Hiver 2026/Conception de systemes numeriques/Projet/ff.vhd Line: 138
Info (12021): Found 2 design units, including 1 entities, in source file dec3to8.vhd
    Info (12022): Found design unit 1: dec3to8-Behavior File: C:/Users/user/Desktop/Hiver 2026/Conception de systemes numeriques/Projet/dec3to8.vhd Line: 13
    Info (12023): Found entity 1: dec3to8 File: C:/Users/user/Desktop/Hiver 2026/Conception de systemes numeriques/Projet/dec3to8.vhd Line: 6
Info (12021): Found 2 design units, including 1 entities, in source file debounce.vhd
    Info (12022): Found design unit 1: debounce-Behavior File: C:/Users/user/Desktop/Hiver 2026/Conception de systemes numeriques/Projet/debounce.vhd Line: 12
    Info (12023): Found entity 1: debounce File: C:/Users/user/Desktop/Hiver 2026/Conception de systemes numeriques/Projet/debounce.vhd Line: 6
Info (12021): Found 2 design units, including 1 entities, in source file alu.vhd
    Info (12022): Found design unit 1: ALU-behav File: C:/Users/user/Desktop/Hiver 2026/Conception de systemes numeriques/Projet/ALU.vhd Line: 15
    Info (12023): Found entity 1: ALU File: C:/Users/user/Desktop/Hiver 2026/Conception de systemes numeriques/Projet/ALU.vhd Line: 5
Info (12021): Found 2 design units, including 1 entities, in source file fsm.vhd
    Info (12022): Found design unit 1: fsm-impl File: C:/Users/user/Desktop/Hiver 2026/Conception de systemes numeriques/Projet/fsm.vhd Line: 32
    Info (12023): Found entity 1: fsm File: C:/Users/user/Desktop/Hiver 2026/Conception de systemes numeriques/Projet/fsm.vhd Line: 20
Info (12021): Found 2 design units, including 1 entities, in source file datapath.vhd
    Info (12022): Found design unit 1: datapath-path File: C:/Users/user/Desktop/Hiver 2026/Conception de systemes numeriques/Projet/datapath.vhd Line: 31
    Info (12023): Found entity 1: datapath File: C:/Users/user/Desktop/Hiver 2026/Conception de systemes numeriques/Projet/datapath.vhd Line: 15
Info (12021): Found 2 design units, including 1 entities, in source file cpu.vhd
    Info (12022): Found design unit 1: cpu-implcpu File: C:/Users/user/Desktop/Hiver 2026/Conception de systemes numeriques/Projet/cpu.vhd Line: 23
    Info (12023): Found entity 1: cpu File: C:/Users/user/Desktop/Hiver 2026/Conception de systemes numeriques/Projet/cpu.vhd Line: 6
Info (12021): Found 2 design units, including 1 entities, in source file uart.vhd
    Info (12022): Found design unit 1: UART-Behavioral File: C:/Users/user/Desktop/Hiver 2026/Conception de systemes numeriques/Projet/UART.vhd Line: 14
    Info (12023): Found entity 1: UART File: C:/Users/user/Desktop/Hiver 2026/Conception de systemes numeriques/Projet/UART.vhd Line: 6
Info (12021): Found 2 design units, including 1 entities, in source file controller.vhd
    Info (12022): Found design unit 1: controller-Behavioral File: C:/Users/user/Desktop/Hiver 2026/Conception de systemes numeriques/Projet/controller.vhd Line: 34
    Info (12023): Found entity 1: controller File: C:/Users/user/Desktop/Hiver 2026/Conception de systemes numeriques/Projet/controller.vhd Line: 5
Info (12127): Elaborating entity "cpu" for the top level hierarchy
Info (12128): Elaborating entity "fsm" for hierarchy "fsm:FSM" File: C:/Users/user/Desktop/Hiver 2026/Conception de systemes numeriques/Projet/cpu.vhd Line: 35
Info (12128): Elaborating entity "vDFF" for hierarchy "fsm:FSM|vDFF:dFF" File: C:/Users/user/Desktop/Hiver 2026/Conception de systemes numeriques/Projet/fsm.vhd Line: 47
Info (12128): Elaborating entity "dec3to8" for hierarchy "fsm:FSM|dec3to8:DecRx" File: C:/Users/user/Desktop/Hiver 2026/Conception de systemes numeriques/Projet/fsm.vhd Line: 52
Info (12128): Elaborating entity "datapath" for hierarchy "datapath:DATAPATH" File: C:/Users/user/Desktop/Hiver 2026/Conception de systemes numeriques/Projet/cpu.vhd Line: 38
Info (12128): Elaborating entity "vDFFE" for hierarchy "datapath:DATAPATH|vDFFE:R0" File: C:/Users/user/Desktop/Hiver 2026/Conception de systemes numeriques/Projet/datapath.vhd Line: 41
Info (12128): Elaborating entity "Mux10" for hierarchy "datapath:DATAPATH|Mux10:mux10" File: C:/Users/user/Desktop/Hiver 2026/Conception de systemes numeriques/Projet/datapath.vhd Line: 57
Info (12128): Elaborating entity "ALU" for hierarchy "datapath:DATAPATH|ALU:blocALU" File: C:/Users/user/Desktop/Hiver 2026/Conception de systemes numeriques/Projet/datapath.vhd Line: 62
Info (278001): Inferred 4 megafunctions from design logic
    Info (278003): Inferred multiplier megafunction ("lpm_mult") from the following logic: "datapath:DATAPATH|ALU:blocALU|Mult0" File: C:/Users/user/Desktop/Hiver 2026/Conception de systemes numeriques/Projet/ALU.vhd Line: 41
    Info (278004): Inferred divider/modulo megafunction ("lpm_divide") from the following logic: "datapath:DATAPATH|ALU:blocALU|Div1" File: C:/Users/user/Desktop/Hiver 2026/Conception de systemes numeriques/Projet/ALU.vhd Line: 49
    Info (278003): Inferred multiplier megafunction ("lpm_mult") from the following logic: "datapath:DATAPATH|ALU:blocALU|Mult1" File: C:/Users/user/Desktop/Hiver 2026/Conception de systemes numeriques/Projet/ALU.vhd Line: 57
    Info (278003): Inferred multiplier megafunction ("lpm_mult") from the following logic: "datapath:DATAPATH|ALU:blocALU|Mult2" File: C:/Users/user/Desktop/Hiver 2026/Conception de systemes numeriques/Projet/ALU.vhd Line: 57
Info (12130): Elaborated megafunction instantiation "datapath:DATAPATH|ALU:blocALU|lpm_mult:Mult0" File: C:/Users/user/Desktop/Hiver 2026/Conception de systemes numeriques/Projet/ALU.vhd Line: 41
Info (12133): Instantiated megafunction "datapath:DATAPATH|ALU:blocALU|lpm_mult:Mult0" with the following parameter: File: C:/Users/user/Desktop/Hiver 2026/Conception de systemes numeriques/Projet/ALU.vhd Line: 41
    Info (12134): Parameter "LPM_WIDTHA" = "9"
    Info (12134): Parameter "LPM_WIDTHB" = "9"
    Info (12134): Parameter "LPM_WIDTHP" = "18"
    Info (12134): Parameter "LPM_WIDTHR" = "18"
    Info (12134): Parameter "LPM_WIDTHS" = "1"
    Info (12134): Parameter "LPM_REPRESENTATION" = "UNSIGNED"
    Info (12134): Parameter "INPUT_A_IS_CONSTANT" = "NO"
    Info (12134): Parameter "INPUT_B_IS_CONSTANT" = "NO"
    Info (12134): Parameter "MAXIMIZE_SPEED" = "5"
Info (12021): Found 1 design units, including 1 entities, in source file db/mult_4ls.tdf
    Info (12023): Found entity 1: mult_4ls File: C:/Users/user/Desktop/Hiver 2026/Conception de systemes numeriques/Projet/db/mult_4ls.tdf Line: 29
Info (12130): Elaborated megafunction instantiation "datapath:DATAPATH|ALU:blocALU|lpm_divide:Div1" File: C:/Users/user/Desktop/Hiver 2026/Conception de systemes numeriques/Projet/ALU.vhd Line: 49
Info (12133): Instantiated megafunction "datapath:DATAPATH|ALU:blocALU|lpm_divide:Div1" with the following parameter: File: C:/Users/user/Desktop/Hiver 2026/Conception de systemes numeriques/Projet/ALU.vhd Line: 49
    Info (12134): Parameter "LPM_WIDTHN" = "9"
    Info (12134): Parameter "LPM_WIDTHD" = "9"
    Info (12134): Parameter "LPM_NREPRESENTATION" = "UNSIGNED"
    Info (12134): Parameter "LPM_DREPRESENTATION" = "UNSIGNED"
Info (12021): Found 1 design units, including 1 entities, in source file db/lpm_divide_fsl.tdf
    Info (12023): Found entity 1: lpm_divide_fsl File: C:/Users/user/Desktop/Hiver 2026/Conception de systemes numeriques/Projet/db/lpm_divide_fsl.tdf Line: 25
Info (12021): Found 1 design units, including 1 entities, in source file db/sign_div_unsign_hkh.tdf
    Info (12023): Found entity 1: sign_div_unsign_hkh File: C:/Users/user/Desktop/Hiver 2026/Conception de systemes numeriques/Projet/db/sign_div_unsign_hkh.tdf Line: 25
Info (12021): Found 1 design units, including 1 entities, in source file db/alt_u_div_cfe.tdf
    Info (12023): Found entity 1: alt_u_div_cfe File: C:/Users/user/Desktop/Hiver 2026/Conception de systemes numeriques/Projet/db/alt_u_div_cfe.tdf Line: 27
Info (12021): Found 1 design units, including 1 entities, in source file db/add_sub_t3c.tdf
    Info (12023): Found entity 1: add_sub_t3c File: C:/Users/user/Desktop/Hiver 2026/Conception de systemes numeriques/Projet/db/add_sub_t3c.tdf Line: 23
Info (12021): Found 1 design units, including 1 entities, in source file db/add_sub_u3c.tdf
    Info (12023): Found entity 1: add_sub_u3c File: C:/Users/user/Desktop/Hiver 2026/Conception de systemes numeriques/Projet/db/add_sub_u3c.tdf Line: 23
Info (12130): Elaborated megafunction instantiation "datapath:DATAPATH|ALU:blocALU|lpm_mult:Mult1" File: C:/Users/user/Desktop/Hiver 2026/Conception de systemes numeriques/Projet/ALU.vhd Line: 57
Info (12133): Instantiated megafunction "datapath:DATAPATH|ALU:blocALU|lpm_mult:Mult1" with the following parameter: File: C:/Users/user/Desktop/Hiver 2026/Conception de systemes numeriques/Projet/ALU.vhd Line: 57
    Info (12134): Parameter "LPM_WIDTHA" = "9"
    Info (12134): Parameter "LPM_WIDTHB" = "9"
    Info (12134): Parameter "LPM_WIDTHP" = "18"
    Info (12134): Parameter "LPM_WIDTHR" = "18"
    Info (12134): Parameter "LPM_WIDTHS" = "1"
    Info (12134): Parameter "LPM_REPRESENTATION" = "UNSIGNED"
    Info (12134): Parameter "INPUT_A_IS_CONSTANT" = "NO"
    Info (12134): Parameter "INPUT_B_IS_CONSTANT" = "NO"
    Info (12134): Parameter "MAXIMIZE_SPEED" = "5"
Info (12130): Elaborated megafunction instantiation "datapath:DATAPATH|ALU:blocALU|lpm_mult:Mult2" File: C:/Users/user/Desktop/Hiver 2026/Conception de systemes numeriques/Projet/ALU.vhd Line: 57
Info (12133): Instantiated megafunction "datapath:DATAPATH|ALU:blocALU|lpm_mult:Mult2" with the following parameter: File: C:/Users/user/Desktop/Hiver 2026/Conception de systemes numeriques/Projet/ALU.vhd Line: 57
    Info (12134): Parameter "LPM_WIDTHA" = "9"
    Info (12134): Parameter "LPM_WIDTHB" = "9"
    Info (12134): Parameter "LPM_WIDTHP" = "18"
    Info (12134): Parameter "LPM_WIDTHR" = "18"
    Info (12134): Parameter "LPM_WIDTHS" = "1"
    Info (12134): Parameter "LPM_REPRESENTATION" = "UNSIGNED"
    Info (12134): Parameter "INPUT_A_IS_CONSTANT" = "NO"
    Info (12134): Parameter "INPUT_B_IS_CONSTANT" = "NO"
    Info (12134): Parameter "MAXIMIZE_SPEED" = "5"
Info (286030): Timing-Driven Synthesis is running
Info (16010): Generating hard_block partition "hard_block:auto_generated_inst"
    Info (16011): Adding 0 node(s), including 0 DDIO, 0 PLL, 0 transceiver and 0 LCELL
Info (21057): Implemented 428 device resources after synthesis - the final resource count might be different
    Info (21058): Implemented 12 input pins
    Info (21059): Implemented 11 output pins
    Info (21061): Implemented 402 logic cells
    Info (21062): Implemented 3 DSP elements
Info: Quartus Prime Analysis & Synthesis was successful. 0 errors, 1 warning
    Info: Peak virtual memory: 4817 megabytes
    Info: Processing ended: Tue Mar 31 09:57:21 2026
    Info: Elapsed time: 00:00:20
    Info: Total CPU time (on all processors): 00:00:26


